<?xml version="1.0" encoding="UTF-8" ?>
<testsuite tests="7" failures="0" name="br.com.jailson.Gft.CalculaSaidaTest" time="0.016" errors="0" skipped="0">
  <properties>
[...]
</properties>
  <testcase classname="br.com.jailson.Gft.CalculaSaidaTest" name="testeRefeicaoNaoExiste" time="0.01"/>
  <testcase classname="br.com.jailson.Gft.CalculaSaidaTest" name="testeEncontradoBolo" time="0"/>
  <testcase classname="br.com.jailson.Gft.CalculaSaidaTest" name="testePeriodoDiferenteManhaNoite" time="0"/>
  <testcase classname="br.com.jailson.Gft.CalculaSaidaTest" name="testeEncontrado1" time="0"/>
  <testcase classname="br.com.jailson.Gft.CalculaSaidaTest" name="testeEncontradoBolo2x" time="0.001"/>
  <testcase classname="br.com.jailson.Gft.CalculaSaidaTest" name="testeEncontradoCafe3x" time="0.001"/>
  <testcase classname="br.com.jailson.Gft.CalculaSaidaTest" name="testeEncontradoManhaNaoSeAplica" time="0.004"/>
</testsuite>